0 info it worked if it ends with ok
1 verbose cli [ '/usr/local/bin/node',
1 verbose cli   '/usr/local/bin/npm',
1 verbose cli   'install',
1 verbose cli   '--save',
1 verbose cli   'node-dht-sensor' ]
2 info using npm@3.10.3
3 info using node@v6.5.0
4 silly loadCurrentTree Starting
5 silly install loadCurrentTree
6 silly install readLocalPackageData
7 silly fetchPackageMetaData node-dht-sensor
8 silly fetchNamedPackageData node-dht-sensor
9 silly mapToRegistry name node-dht-sensor
10 silly mapToRegistry using default registry
11 silly mapToRegistry registry https://registry.npmjs.org/
12 silly mapToRegistry data Result {
12 silly mapToRegistry   raw: 'node-dht-sensor',
12 silly mapToRegistry   scope: null,
12 silly mapToRegistry   escapedName: 'node-dht-sensor',
12 silly mapToRegistry   name: 'node-dht-sensor',
12 silly mapToRegistry   rawSpec: '',
12 silly mapToRegistry   spec: 'latest',
12 silly mapToRegistry   type: 'tag' }
13 silly mapToRegistry uri https://registry.npmjs.org/node-dht-sensor
14 verbose request uri https://registry.npmjs.org/node-dht-sensor
15 verbose request no auth needed
16 info attempt registry request try #1 at 6:37:12 PM
17 verbose request id bd8f0bca5dee287d
18 http request GET https://registry.npmjs.org/node-dht-sensor
19 http 200 https://registry.npmjs.org/node-dht-sensor
20 verbose headers { server: 'CouchDB/1.5.0 (Erlang OTP/R16B03)',
20 verbose headers   etag: '"DLSNOI88Y4UDADTD0K6NF88T8"',
20 verbose headers   'content-type': 'application/json',
20 verbose headers   'content-encoding': 'gzip',
20 verbose headers   'cache-control': 'max-age=300',
20 verbose headers   'content-length': '5280',
20 verbose headers   'accept-ranges': 'bytes',
20 verbose headers   date: 'Sun, 18 Sep 2016 22:37:12 GMT',
20 verbose headers   via: '1.1 varnish',
20 verbose headers   age: '0',
20 verbose headers   connection: 'keep-alive',
20 verbose headers   'x-served-by': 'cache-atl6234-ATL',
20 verbose headers   'x-cache': 'MISS',
20 verbose headers   'x-cache-hits': '0',
20 verbose headers   'x-timer': 'S1474238232.127754,VS0,VE342',
20 verbose headers   vary: 'Accept-Encoding' }
21 silly get cb [ 200,
21 silly get   { server: 'CouchDB/1.5.0 (Erlang OTP/R16B03)',
21 silly get     etag: '"DLSNOI88Y4UDADTD0K6NF88T8"',
21 silly get     'content-type': 'application/json',
21 silly get     'content-encoding': 'gzip',
21 silly get     'cache-control': 'max-age=300',
21 silly get     'content-length': '5280',
21 silly get     'accept-ranges': 'bytes',
21 silly get     date: 'Sun, 18 Sep 2016 22:37:12 GMT',
21 silly get     via: '1.1 varnish',
21 silly get     age: '0',
21 silly get     connection: 'keep-alive',
21 silly get     'x-served-by': 'cache-atl6234-ATL',
21 silly get     'x-cache': 'MISS',
21 silly get     'x-cache-hits': '0',
21 silly get     'x-timer': 'S1474238232.127754,VS0,VE342',
21 silly get     vary: 'Accept-Encoding' } ]
22 verbose get saving node-dht-sensor to /Users/jkimionis/.npm/registry.npmjs.org/node-dht-sensor/.cache.json
23 verbose correctMkdir /Users/jkimionis/.npm correctMkdir not in flight; initializing
24 silly install normalizeTree
25 silly loadCurrentTree Finishing
26 silly loadIdealTree Starting
27 silly install loadIdealTree
28 silly cloneCurrentTree Starting
29 silly install cloneCurrentTreeToIdealTree
30 silly cloneCurrentTree Finishing
31 silly loadShrinkwrap Starting
32 silly install loadShrinkwrap
33 silly loadShrinkwrap Finishing
34 silly loadAllDepsIntoIdealTree Starting
35 silly install loadAllDepsIntoIdealTree
36 silly resolveWithNewModule node-dht-sensor@0.0.24 checking installable status
37 silly cache add args [ 'node-dht-sensor', null ]
38 verbose cache add spec node-dht-sensor
39 silly cache add parsed spec Result {
39 silly cache add   raw: 'node-dht-sensor',
39 silly cache add   scope: null,
39 silly cache add   escapedName: 'node-dht-sensor',
39 silly cache add   name: 'node-dht-sensor',
39 silly cache add   rawSpec: '',
39 silly cache add   spec: 'latest',
39 silly cache add   type: 'tag' }
40 silly addNamed node-dht-sensor@latest
41 verbose addNamed "latest" is being treated as a dist-tag for node-dht-sensor
42 info addNameTag [ 'node-dht-sensor', 'latest' ]
43 silly mapToRegistry name node-dht-sensor
44 silly mapToRegistry using default registry
45 silly mapToRegistry registry https://registry.npmjs.org/
46 silly mapToRegistry data Result {
46 silly mapToRegistry   raw: 'node-dht-sensor',
46 silly mapToRegistry   scope: null,
46 silly mapToRegistry   escapedName: 'node-dht-sensor',
46 silly mapToRegistry   name: 'node-dht-sensor',
46 silly mapToRegistry   rawSpec: '',
46 silly mapToRegistry   spec: 'latest',
46 silly mapToRegistry   type: 'tag' }
47 silly mapToRegistry uri https://registry.npmjs.org/node-dht-sensor
48 verbose addNameTag registry:https://registry.npmjs.org/node-dht-sensor not in flight; fetching
49 verbose get https://registry.npmjs.org/node-dht-sensor not expired, no request
50 silly addNameTag next cb for node-dht-sensor with tag latest
51 silly addNamed node-dht-sensor@0.0.24
52 verbose addNamed "0.0.24" is a plain semver version for node-dht-sensor
53 silly mapToRegistry name node-dht-sensor
54 silly mapToRegistry using default registry
55 silly mapToRegistry registry https://registry.npmjs.org/
56 silly mapToRegistry data Result {
56 silly mapToRegistry   raw: 'node-dht-sensor',
56 silly mapToRegistry   scope: null,
56 silly mapToRegistry   escapedName: 'node-dht-sensor',
56 silly mapToRegistry   name: 'node-dht-sensor',
56 silly mapToRegistry   rawSpec: '',
56 silly mapToRegistry   spec: 'latest',
56 silly mapToRegistry   type: 'tag' }
57 silly mapToRegistry uri https://registry.npmjs.org/node-dht-sensor
58 verbose addRemoteTarball https://registry.npmjs.org/node-dht-sensor/-/node-dht-sensor-0.0.24.tgz not in flight; adding
59 verbose addRemoteTarball [ 'https://registry.npmjs.org/node-dht-sensor/-/node-dht-sensor-0.0.24.tgz',
59 verbose addRemoteTarball   '6f07b5866f8adbce13aaf4d19ab188fc55a889f9' ]
60 info retry fetch attempt 1 at 6:37:12 PM
61 info attempt registry request try #1 at 6:37:12 PM
62 http fetch GET https://registry.npmjs.org/node-dht-sensor/-/node-dht-sensor-0.0.24.tgz
63 http fetch 200 https://registry.npmjs.org/node-dht-sensor/-/node-dht-sensor-0.0.24.tgz
64 silly fetchAndShaCheck shasum 6f07b5866f8adbce13aaf4d19ab188fc55a889f9
65 verbose addTmpTarball /var/folders/pc/sxf56y8d34q65gc392tm4bdm0000gn/T/npm-2422-c60565c6/registry.npmjs.org/node-dht-sensor/-/node-dht-sensor-0.0.24.tgz not in flight; adding
66 verbose addTmpTarball already have metadata; skipping unpack for node-dht-sensor@0.0.24
67 verbose correctMkdir /Users/jkimionis/.npm correctMkdir not in flight; initializing
68 silly cache afterAdd node-dht-sensor@0.0.24
69 verbose afterAdd /Users/jkimionis/.npm/node-dht-sensor/0.0.24/package/package.json not in flight; writing
70 verbose correctMkdir /Users/jkimionis/.npm correctMkdir not in flight; initializing
71 verbose afterAdd /Users/jkimionis/.npm/node-dht-sensor/0.0.24/package/package.json written
72 silly fetchNamedPackageData nan
73 silly mapToRegistry name nan
74 silly mapToRegistry using default registry
75 silly mapToRegistry registry https://registry.npmjs.org/
76 silly mapToRegistry data Result {
76 silly mapToRegistry   raw: 'nan',
76 silly mapToRegistry   scope: null,
76 silly mapToRegistry   escapedName: 'nan',
76 silly mapToRegistry   name: 'nan',
76 silly mapToRegistry   rawSpec: '',
76 silly mapToRegistry   spec: 'latest',
76 silly mapToRegistry   type: 'tag' }
77 silly mapToRegistry uri https://registry.npmjs.org/nan
78 verbose request uri https://registry.npmjs.org/nan
79 verbose request no auth needed
80 info attempt registry request try #1 at 6:37:12 PM
81 verbose etag "1OOZJAUMBQC59OINHZGMRRCSL"
82 http request GET https://registry.npmjs.org/nan
83 http 200 https://registry.npmjs.org/nan
84 verbose headers { server: 'CouchDB/1.6.1 (Erlang OTP/R16B03)',
84 verbose headers   etag: '"59HOMY3HCQTCA404BD525JWB3"',
84 verbose headers   'content-type': 'application/json',
84 verbose headers   'content-encoding': 'gzip',
84 verbose headers   'cache-control': 'max-age=300',
84 verbose headers   'content-length': '17111',
84 verbose headers   'accept-ranges': 'bytes',
84 verbose headers   date: 'Sun, 18 Sep 2016 22:37:12 GMT',
84 verbose headers   via: '1.1 varnish',
84 verbose headers   age: '139',
84 verbose headers   connection: 'keep-alive',
84 verbose headers   'x-served-by': 'cache-atl6234-ATL',
84 verbose headers   'x-cache': 'HIT',
84 verbose headers   'x-cache-hits': '1',
84 verbose headers   'x-timer': 'S1474238232.803737,VS0,VE0',
84 verbose headers   vary: 'Accept-Encoding' }
85 silly get cb [ 200,
85 silly get   { server: 'CouchDB/1.6.1 (Erlang OTP/R16B03)',
85 silly get     etag: '"59HOMY3HCQTCA404BD525JWB3"',
85 silly get     'content-type': 'application/json',
85 silly get     'content-encoding': 'gzip',
85 silly get     'cache-control': 'max-age=300',
85 silly get     'content-length': '17111',
85 silly get     'accept-ranges': 'bytes',
85 silly get     date: 'Sun, 18 Sep 2016 22:37:12 GMT',
85 silly get     via: '1.1 varnish',
85 silly get     age: '139',
85 silly get     connection: 'keep-alive',
85 silly get     'x-served-by': 'cache-atl6234-ATL',
85 silly get     'x-cache': 'HIT',
85 silly get     'x-cache-hits': '1',
85 silly get     'x-timer': 'S1474238232.803737,VS0,VE0',
85 silly get     vary: 'Accept-Encoding' } ]
86 verbose get saving nan to /Users/jkimionis/.npm/registry.npmjs.org/nan/.cache.json
87 verbose correctMkdir /Users/jkimionis/.npm correctMkdir not in flight; initializing
88 silly resolveWithNewModule nan@2.4.0 checking installable status
89 silly cache add args [ 'nan@^2.4.0', null ]
90 verbose cache add spec nan@^2.4.0
91 silly cache add parsed spec Result {
91 silly cache add   raw: 'nan@^2.4.0',
91 silly cache add   scope: null,
91 silly cache add   escapedName: 'nan',
91 silly cache add   name: 'nan',
91 silly cache add   rawSpec: '^2.4.0',
91 silly cache add   spec: '>=2.4.0 <3.0.0',
91 silly cache add   type: 'range' }
92 silly addNamed nan@>=2.4.0 <3.0.0
93 verbose addNamed ">=2.4.0 <3.0.0" is a valid semver range for nan
94 silly addNameRange { name: 'nan', range: '>=2.4.0 <3.0.0', hasData: false }
95 silly mapToRegistry name nan
96 silly mapToRegistry using default registry
97 silly mapToRegistry registry https://registry.npmjs.org/
98 silly mapToRegistry data Result {
98 silly mapToRegistry   raw: 'nan',
98 silly mapToRegistry   scope: null,
98 silly mapToRegistry   escapedName: 'nan',
98 silly mapToRegistry   name: 'nan',
98 silly mapToRegistry   rawSpec: '',
98 silly mapToRegistry   spec: 'latest',
98 silly mapToRegistry   type: 'tag' }
99 silly mapToRegistry uri https://registry.npmjs.org/nan
100 verbose addNameRange registry:https://registry.npmjs.org/nan not in flight; fetching
101 verbose get https://registry.npmjs.org/nan not expired, no request
102 silly addNameRange number 2 { name: 'nan', range: '>=2.4.0 <3.0.0', hasData: true }
103 silly addNameRange versions [ 'nan',
103 silly addNameRange   [ '0.3.0-wip',
103 silly addNameRange     '0.3.0-wip2',
103 silly addNameRange     '0.3.0',
103 silly addNameRange     '0.3.1',
103 silly addNameRange     '0.3.2',
103 silly addNameRange     '0.4.0',
103 silly addNameRange     '0.4.1',
103 silly addNameRange     '0.4.2',
103 silly addNameRange     '0.4.3',
103 silly addNameRange     '0.4.4',
103 silly addNameRange     '0.5.0',
103 silly addNameRange     '0.5.1',
103 silly addNameRange     '0.5.2',
103 silly addNameRange     '0.6.0',
103 silly addNameRange     '0.7.0',
103 silly addNameRange     '0.7.1',
103 silly addNameRange     '0.8.0',
103 silly addNameRange     '1.0.0',
103 silly addNameRange     '1.1.0',
103 silly addNameRange     '1.1.1',
103 silly addNameRange     '1.1.2',
103 silly addNameRange     '1.2.0',
103 silly addNameRange     '1.3.0',
103 silly addNameRange     '1.4.0',
103 silly addNameRange     '1.4.1',
103 silly addNameRange     '1.5.0',
103 silly addNameRange     '1.4.2',
103 silly addNameRange     '1.4.3',
103 silly addNameRange     '1.5.1',
103 silly addNameRange     '1.5.2',
103 silly addNameRange     '1.6.0',
103 silly addNameRange     '1.5.3',
103 silly addNameRange     '1.6.1',
103 silly addNameRange     '1.6.2',
103 silly addNameRange     '1.7.0',
103 silly addNameRange     '1.8.0',
103 silly addNameRange     '1.8.1',
103 silly addNameRange     '1.8.2',
103 silly addNameRange     '1.8.3',
103 silly addNameRange     '1.8.4',
103 silly addNameRange     '1.9.0',
103 silly addNameRange     '2.0.0',
103 silly addNameRange     '2.0.1',
103 silly addNameRange     '2.0.2',
103 silly addNameRange     '2.0.3',
103 silly addNameRange     '2.0.4',
103 silly addNameRange     '2.0.5',
103 silly addNameRange     '2.0.6',
103 silly addNameRange     '2.0.7',
103 silly addNameRange     '2.0.8',
103 silly addNameRange     '2.0.9',
103 silly addNameRange     '2.1.0',
103 silly addNameRange     '2.2.0',
103 silly addNameRange     '2.2.1',
103 silly addNameRange     '2.3.0',
103 silly addNameRange     '2.3.1',
103 silly addNameRange     '2.3.2',
103 silly addNameRange     '2.3.3',
103 silly addNameRange     '2.3.4',
103 silly addNameRange     '2.3.5',
103 silly addNameRange     '2.4.0' ] ]
104 silly addNamed nan@2.4.0
105 verbose addNamed "2.4.0" is a plain semver version for nan
106 silly mapToRegistry name nan
107 silly mapToRegistry using default registry
108 silly mapToRegistry registry https://registry.npmjs.org/
109 silly mapToRegistry data Result {
109 silly mapToRegistry   raw: 'nan',
109 silly mapToRegistry   scope: null,
109 silly mapToRegistry   escapedName: 'nan',
109 silly mapToRegistry   name: 'nan',
109 silly mapToRegistry   rawSpec: '',
109 silly mapToRegistry   spec: 'latest',
109 silly mapToRegistry   type: 'tag' }
110 silly mapToRegistry uri https://registry.npmjs.org/nan
111 verbose addRemoteTarball https://registry.npmjs.org/nan/-/nan-2.4.0.tgz not in flight; adding
112 verbose addRemoteTarball [ 'https://registry.npmjs.org/nan/-/nan-2.4.0.tgz',
112 verbose addRemoteTarball   'fb3c59d45fe4effe215f0b890f8adf6eb32d2232' ]
113 info retry fetch attempt 1 at 6:37:12 PM
114 info attempt registry request try #1 at 6:37:12 PM
115 http fetch GET https://registry.npmjs.org/nan/-/nan-2.4.0.tgz
116 http fetch 200 https://registry.npmjs.org/nan/-/nan-2.4.0.tgz
117 silly fetchAndShaCheck shasum fb3c59d45fe4effe215f0b890f8adf6eb32d2232
118 verbose addTmpTarball /var/folders/pc/sxf56y8d34q65gc392tm4bdm0000gn/T/npm-2422-c60565c6/registry.npmjs.org/nan/-/nan-2.4.0.tgz not in flight; adding
119 verbose addTmpTarball already have metadata; skipping unpack for nan@2.4.0
120 verbose correctMkdir /Users/jkimionis/.npm correctMkdir not in flight; initializing
121 silly cache afterAdd nan@2.4.0
122 verbose afterAdd /Users/jkimionis/.npm/nan/2.4.0/package/package.json not in flight; writing
123 verbose correctMkdir /Users/jkimionis/.npm correctMkdir not in flight; initializing
124 verbose afterAdd /Users/jkimionis/.npm/nan/2.4.0/package/package.json written
125 silly loadAllDepsIntoIdealTree Finishing
126 silly loadIdealTree Finishing
127 silly currentTree SpaceMonitor_GreenDinosaur
127 silly currentTree ├── accepts@1.3.3
127 silly currentTree ├── array-flatten@1.1.1
127 silly currentTree ├── arrify@1.0.1
127 silly currentTree ├── bindings@1.2.1
127 silly currentTree ├── bson@0.2.22
127 silly currentTree ├── chart.js@2.2.2
127 silly currentTree ├── chartjs-color-string@0.4.0
127 silly currentTree ├── chartjs-color@2.0.0
127 silly currentTree ├── color-convert@0.5.3
127 silly currentTree ├── color-name@1.1.1
127 silly currentTree ├── content-disposition@0.5.1
127 silly currentTree ├── content-type@1.0.2
127 silly currentTree ├── cookie-signature@1.0.6
127 silly currentTree ├── cookie@0.3.1
127 silly currentTree ├── debug@2.2.0
127 silly currentTree ├── depd@1.1.0
127 silly currentTree ├── destroy@1.0.4
127 silly currentTree ├── each-async@1.1.1
127 silly currentTree ├── ee-first@1.1.1
127 silly currentTree ├── encodeurl@1.0.1
127 silly currentTree ├─┬ epoll@0.1.20
127 silly currentTree │ └── nan@2.4.0
127 silly currentTree ├── escape-html@1.0.3
127 silly currentTree ├── etag@1.7.0
127 silly currentTree ├── express@4.14.0
127 silly currentTree ├── finalhandler@0.5.0
127 silly currentTree ├── forwarded@0.1.0
127 silly currentTree ├── fresh@0.3.0
127 silly currentTree ├── http-errors@1.5.0
127 silly currentTree ├── inherits@2.0.1
127 silly currentTree ├── ipaddr.js@1.1.1
127 silly currentTree ├── is-online@5.1.2
127 silly currentTree ├── is-port-reachable@1.0.0
127 silly currentTree ├── is-reachable@1.3.0
127 silly currentTree ├── lodash@3.10.1
127 silly currentTree ├── media-typer@0.3.0
127 silly currentTree ├── merge-descriptors@1.0.1
127 silly currentTree ├── methods@1.1.2
127 silly currentTree ├── mime-db@1.23.0
127 silly currentTree ├── mime-types@2.1.11
127 silly currentTree ├── mime@1.3.4
127 silly currentTree ├── moment@2.15.0
127 silly currentTree ├── ms@0.7.1
127 silly currentTree ├── nan@1.8.4
127 silly currentTree ├── negotiator@0.6.1
127 silly currentTree ├── on-finished@2.3.0
127 silly currentTree ├── onetime@1.1.0
127 silly currentTree ├── onoff@1.1.1
127 silly currentTree ├── parseurl@1.3.1
127 silly currentTree ├── path-to-regexp@0.1.7
127 silly currentTree ├── prepend-http@1.0.4
127 silly currentTree ├── proxy-addr@1.1.2
127 silly currentTree ├── qs@6.2.0
127 silly currentTree ├── random-item@1.0.0
127 silly currentTree ├── range-parser@1.2.0
127 silly currentTree ├── root-hints@1.0.10
127 silly currentTree ├── router-ips@0.2.0
127 silly currentTree ├── safe@0.3.9
127 silly currentTree ├── send@0.14.1
127 silly currentTree ├── serve-static@1.11.1
127 silly currentTree ├── set-immediate-shim@1.0.1
127 silly currentTree ├── setprototypeof@1.0.1
127 silly currentTree ├── statuses@1.3.0
127 silly currentTree ├── tingodb@0.4.2
127 silly currentTree ├── type-is@1.6.13
127 silly currentTree ├── unpipe@1.0.0
127 silly currentTree ├── url-parse-lax@1.0.0
127 silly currentTree ├── utils-merge@1.0.0
127 silly currentTree └── vary@1.1.0
128 silly idealTree SpaceMonitor_GreenDinosaur
128 silly idealTree ├── accepts@1.3.3
128 silly idealTree ├── array-flatten@1.1.1
128 silly idealTree ├── arrify@1.0.1
128 silly idealTree ├── bindings@1.2.1
128 silly idealTree ├── bson@0.2.22
128 silly idealTree ├── chart.js@2.2.2
128 silly idealTree ├── chartjs-color-string@0.4.0
128 silly idealTree ├── chartjs-color@2.0.0
128 silly idealTree ├── color-convert@0.5.3
128 silly idealTree ├── color-name@1.1.1
128 silly idealTree ├── content-disposition@0.5.1
128 silly idealTree ├── content-type@1.0.2
128 silly idealTree ├── cookie-signature@1.0.6
128 silly idealTree ├── cookie@0.3.1
128 silly idealTree ├── debug@2.2.0
128 silly idealTree ├── depd@1.1.0
128 silly idealTree ├── destroy@1.0.4
128 silly idealTree ├── each-async@1.1.1
128 silly idealTree ├── ee-first@1.1.1
128 silly idealTree ├── encodeurl@1.0.1
128 silly idealTree ├─┬ epoll@0.1.20
128 silly idealTree │ └── nan@2.4.0
128 silly idealTree ├── escape-html@1.0.3
128 silly idealTree ├── etag@1.7.0
128 silly idealTree ├── express@4.14.0
128 silly idealTree ├── finalhandler@0.5.0
128 silly idealTree ├── forwarded@0.1.0
128 silly idealTree ├── fresh@0.3.0
128 silly idealTree ├── http-errors@1.5.0
128 silly idealTree ├── inherits@2.0.1
128 silly idealTree ├── ipaddr.js@1.1.1
128 silly idealTree ├── is-online@5.1.2
128 silly idealTree ├── is-port-reachable@1.0.0
128 silly idealTree ├── is-reachable@1.3.0
128 silly idealTree ├── lodash@3.10.1
128 silly idealTree ├── media-typer@0.3.0
128 silly idealTree ├── merge-descriptors@1.0.1
128 silly idealTree ├── methods@1.1.2
128 silly idealTree ├── mime-db@1.23.0
128 silly idealTree ├── mime-types@2.1.11
128 silly idealTree ├── mime@1.3.4
128 silly idealTree ├── moment@2.15.0
128 silly idealTree ├── ms@0.7.1
128 silly idealTree ├── nan@1.8.4
128 silly idealTree ├── negotiator@0.6.1
128 silly idealTree ├─┬ node-dht-sensor@0.0.24
128 silly idealTree │ └── nan@2.4.0
128 silly idealTree ├── on-finished@2.3.0
128 silly idealTree ├── onetime@1.1.0
128 silly idealTree ├── onoff@1.1.1
128 silly idealTree ├── parseurl@1.3.1
128 silly idealTree ├── path-to-regexp@0.1.7
128 silly idealTree ├── prepend-http@1.0.4
128 silly idealTree ├── proxy-addr@1.1.2
128 silly idealTree ├── qs@6.2.0
128 silly idealTree ├── random-item@1.0.0
128 silly idealTree ├── range-parser@1.2.0
128 silly idealTree ├── root-hints@1.0.10
128 silly idealTree ├── router-ips@0.2.0
128 silly idealTree ├── safe@0.3.9
128 silly idealTree ├── send@0.14.1
128 silly idealTree ├── serve-static@1.11.1
128 silly idealTree ├── set-immediate-shim@1.0.1
128 silly idealTree ├── setprototypeof@1.0.1
128 silly idealTree ├── statuses@1.3.0
128 silly idealTree ├── tingodb@0.4.2
128 silly idealTree ├── type-is@1.6.13
128 silly idealTree ├── unpipe@1.0.0
128 silly idealTree ├── url-parse-lax@1.0.0
128 silly idealTree ├── utils-merge@1.0.0
128 silly idealTree └── vary@1.1.0
129 silly generateActionsToTake Starting
130 silly install generateActionsToTake
131 silly generateActionsToTake Finishing
132 silly diffTrees action count 2
133 silly diffTrees add nan@2.4.0
134 silly diffTrees add node-dht-sensor@0.0.24
135 silly decomposeActions action count 16
136 silly decomposeActions fetch nan@2.4.0
137 silly decomposeActions extract nan@2.4.0
138 silly decomposeActions test nan@2.4.0
139 silly decomposeActions preinstall nan@2.4.0
140 silly decomposeActions build nan@2.4.0
141 silly decomposeActions install nan@2.4.0
142 silly decomposeActions postinstall nan@2.4.0
143 silly decomposeActions finalize nan@2.4.0
144 silly decomposeActions fetch node-dht-sensor@0.0.24
145 silly decomposeActions extract node-dht-sensor@0.0.24
146 silly decomposeActions test node-dht-sensor@0.0.24
147 silly decomposeActions preinstall node-dht-sensor@0.0.24
148 silly decomposeActions build node-dht-sensor@0.0.24
149 silly decomposeActions install node-dht-sensor@0.0.24
150 silly decomposeActions postinstall node-dht-sensor@0.0.24
151 silly decomposeActions finalize node-dht-sensor@0.0.24
152 silly executeActions Starting
153 silly install executeActions
154 silly doSerial global-install 0
155 silly doParallel fetch 2
156 verbose correctMkdir /Users/jkimionis/.npm/_locks correctMkdir not in flight; initializing
157 verbose lock using /Users/jkimionis/.npm/_locks/staging-91303f90b33c81ec.lock for /Users/jkimionis/Software/SpaceMonitor_GreenDinosaur/node_modules/.staging
158 silly doParallel extract 2
159 silly extract nan@2.4.0
160 silly extract node-dht-sensor@0.0.24
161 verbose unbuild node_modules/.staging/nan-75b862b0
162 verbose unbuild node_modules/.staging/node-dht-sensor-f110789c
163 silly gentlyRm /Users/jkimionis/Software/SpaceMonitor_GreenDinosaur/node_modules/.staging/nan-75b862b0 is being purged from base /Users/jkimionis/Software/SpaceMonitor_GreenDinosaur
164 verbose gentlyRm don't care about contents; nuking /Users/jkimionis/Software/SpaceMonitor_GreenDinosaur/node_modules/.staging/nan-75b862b0
165 silly gentlyRm /Users/jkimionis/Software/SpaceMonitor_GreenDinosaur/node_modules/.staging/node-dht-sensor-f110789c is being purged from base /Users/jkimionis/Software/SpaceMonitor_GreenDinosaur
166 verbose gentlyRm don't care about contents; nuking /Users/jkimionis/Software/SpaceMonitor_GreenDinosaur/node_modules/.staging/node-dht-sensor-f110789c
167 verbose tar unpack /Users/jkimionis/.npm/nan/2.4.0/package.tgz
168 verbose tar unpacking to /Users/jkimionis/Software/SpaceMonitor_GreenDinosaur/node_modules/.staging/nan-75b862b0
169 silly gentlyRm /Users/jkimionis/Software/SpaceMonitor_GreenDinosaur/node_modules/.staging/nan-75b862b0 is being purged
170 verbose gentlyRm don't care about contents; nuking /Users/jkimionis/Software/SpaceMonitor_GreenDinosaur/node_modules/.staging/nan-75b862b0
171 verbose tar unpack /Users/jkimionis/.npm/node-dht-sensor/0.0.24/package.tgz
172 verbose tar unpacking to /Users/jkimionis/Software/SpaceMonitor_GreenDinosaur/node_modules/.staging/node-dht-sensor-f110789c
173 silly gentlyRm /Users/jkimionis/Software/SpaceMonitor_GreenDinosaur/node_modules/.staging/node-dht-sensor-f110789c is being purged
174 verbose gentlyRm don't care about contents; nuking /Users/jkimionis/Software/SpaceMonitor_GreenDinosaur/node_modules/.staging/node-dht-sensor-f110789c
175 silly gunzTarPerm modes [ '755', '644' ]
176 silly gunzTarPerm modes [ '755', '644' ]
177 silly gunzTarPerm extractEntry package.json
178 silly gunzTarPerm modified mode [ 'package.json', 448, 484 ]
179 silly gunzTarPerm extractEntry package.json
180 silly gunzTarPerm modified mode [ 'package.json', 436, 420 ]
181 silly gunzTarPerm extractEntry .npmignore
182 silly gunzTarPerm extractEntry README.md
183 silly gunzTarPerm extractEntry README.md
184 silly gunzTarPerm modified mode [ 'README.md', 436, 420 ]
185 silly gunzTarPerm extractEntry include_dirs.js
186 silly gunzTarPerm modified mode [ 'include_dirs.js', 436, 420 ]
187 silly gunzTarPerm extractEntry LICENSE
188 silly gunzTarPerm extractEntry test.js
189 silly gunzTarPerm extractEntry nan_callbacks_pre_12_inl.h
190 silly gunzTarPerm modified mode [ 'nan_callbacks_pre_12_inl.h', 436, 420 ]
191 silly gunzTarPerm extractEntry CHANGELOG.md
192 silly gunzTarPerm modified mode [ 'CHANGELOG.md', 436, 420 ]
193 silly gunzTarPerm extractEntry LICENSE.md
194 silly gunzTarPerm modified mode [ 'LICENSE.md', 436, 420 ]
195 silly gunzTarPerm extractEntry doc/node_misc.md
196 silly gunzTarPerm modified mode [ 'doc/node_misc.md', 436, 420 ]
197 silly gunzTarPerm extractEntry test-spec.js
198 silly gunzTarPerm extractEntry doc/asyncworker.md
199 silly gunzTarPerm modified mode [ 'doc/asyncworker.md', 436, 420 ]
200 silly gunzTarPerm extractEntry doc/callback.md
201 silly gunzTarPerm modified mode [ 'doc/callback.md', 436, 420 ]
202 silly gunzTarPerm extractEntry check-lib.sh
203 silly gunzTarPerm extractEntry dht-sensor.h
204 silly gunzTarPerm modified mode [ 'dht-sensor.h', 448, 484 ]
205 silly gunzTarPerm extractEntry doc/converters.md
206 silly gunzTarPerm modified mode [ 'doc/converters.md', 436, 420 ]
207 silly gunzTarPerm extractEntry doc/errors.md
208 silly gunzTarPerm modified mode [ 'doc/errors.md', 436, 420 ]
209 silly gunzTarPerm extractEntry node-dht-sensor.cpp
210 silly gunzTarPerm modified mode [ 'node-dht-sensor.cpp', 448, 484 ]
211 silly gunzTarPerm extractEntry binding.gyp
212 silly gunzTarPerm modified mode [ 'binding.gyp', 448, 484 ]
213 silly gunzTarPerm extractEntry doc/maybe_types.md
214 silly gunzTarPerm modified mode [ 'doc/maybe_types.md', 436, 420 ]
215 silly gunzTarPerm extractEntry doc/methods.md
216 silly gunzTarPerm modified mode [ 'doc/methods.md', 436, 420 ]
217 silly gunzTarPerm extractEntry dht-sensor.cpp
218 silly gunzTarPerm modified mode [ 'dht-sensor.cpp', 448, 484 ]
219 silly gunzTarPerm extractEntry doc/new.md
220 silly gunzTarPerm modified mode [ 'doc/new.md', 436, 420 ]
221 silly gunzTarPerm extractEntry doc/buffers.md
222 silly gunzTarPerm modified mode [ 'doc/buffers.md', 436, 420 ]
223 silly gunzTarPerm extractEntry doc/object_wrappers.md
224 silly gunzTarPerm modified mode [ 'doc/object_wrappers.md', 436, 420 ]
225 silly gunzTarPerm extractEntry doc/persistent.md
226 silly gunzTarPerm modified mode [ 'doc/persistent.md', 436, 420 ]
227 silly gunzTarPerm extractEntry doc/scopes.md
228 silly gunzTarPerm modified mode [ 'doc/scopes.md', 436, 420 ]
229 silly gunzTarPerm extractEntry doc/script.md
230 silly gunzTarPerm modified mode [ 'doc/script.md', 436, 420 ]
231 silly gunzTarPerm extractEntry doc/string_bytes.md
232 silly gunzTarPerm modified mode [ 'doc/string_bytes.md', 436, 420 ]
233 silly gunzTarPerm extractEntry doc/v8_internals.md
234 silly gunzTarPerm modified mode [ 'doc/v8_internals.md', 436, 420 ]
235 silly gunzTarPerm extractEntry doc/v8_misc.md
236 silly gunzTarPerm modified mode [ 'doc/v8_misc.md', 436, 420 ]
237 silly gunzTarPerm extractEntry nan.h
238 silly gunzTarPerm modified mode [ 'nan.h', 436, 420 ]
239 silly gunzTarPerm extractEntry nan_callbacks.h
240 silly gunzTarPerm modified mode [ 'nan_callbacks.h', 436, 420 ]
241 silly gunzTarPerm extractEntry nan_callbacks_12_inl.h
242 silly gunzTarPerm modified mode [ 'nan_callbacks_12_inl.h', 436, 420 ]
243 silly gunzTarPerm extractEntry nan_converters.h
244 silly gunzTarPerm modified mode [ 'nan_converters.h', 436, 420 ]
245 silly gunzTarPerm extractEntry nan_converters_43_inl.h
246 silly gunzTarPerm modified mode [ 'nan_converters_43_inl.h', 436, 420 ]
247 silly gunzTarPerm extractEntry nan_converters_pre_43_inl.h
248 silly gunzTarPerm modified mode [ 'nan_converters_pre_43_inl.h', 436, 420 ]
249 silly gunzTarPerm extractEntry nan_implementation_12_inl.h
250 silly gunzTarPerm modified mode [ 'nan_implementation_12_inl.h', 436, 420 ]
251 silly gunzTarPerm extractEntry nan_implementation_pre_12_inl.h
252 silly gunzTarPerm modified mode [ 'nan_implementation_pre_12_inl.h', 436, 420 ]
253 silly gunzTarPerm extractEntry nan_maybe_43_inl.h
254 silly gunzTarPerm modified mode [ 'nan_maybe_43_inl.h', 436, 420 ]
255 silly gentlyRm /Users/jkimionis/Software/SpaceMonitor_GreenDinosaur/node_modules/.staging/node-dht-sensor-f110789c/node_modules is being purged
256 verbose gentlyRm don't care about contents; nuking /Users/jkimionis/Software/SpaceMonitor_GreenDinosaur/node_modules/.staging/node-dht-sensor-f110789c/node_modules
257 silly gunzTarPerm extractEntry nan_maybe_pre_43_inl.h
258 silly gunzTarPerm modified mode [ 'nan_maybe_pre_43_inl.h', 436, 420 ]
259 silly gunzTarPerm extractEntry nan_new.h
260 silly gunzTarPerm modified mode [ 'nan_new.h', 436, 420 ]
261 silly gunzTarPerm extractEntry nan_object_wrap.h
262 silly gunzTarPerm modified mode [ 'nan_object_wrap.h', 436, 420 ]
263 silly gunzTarPerm extractEntry nan_persistent_12_inl.h
264 silly gunzTarPerm modified mode [ 'nan_persistent_12_inl.h', 436, 420 ]
265 silly gunzTarPerm extractEntry nan_persistent_pre_12_inl.h
266 silly gunzTarPerm modified mode [ 'nan_persistent_pre_12_inl.h', 436, 420 ]
267 silly gunzTarPerm extractEntry nan_string_bytes.h
268 silly gunzTarPerm modified mode [ 'nan_string_bytes.h', 436, 420 ]
269 silly gunzTarPerm extractEntry nan_typedarray_contents.h
270 silly gunzTarPerm modified mode [ 'nan_typedarray_contents.h', 436, 420 ]
271 silly gunzTarPerm extractEntry nan_weak.h
272 silly gunzTarPerm modified mode [ 'nan_weak.h', 436, 420 ]
273 silly gunzTarPerm extractEntry tools/package.json
274 silly gunzTarPerm modified mode [ 'tools/package.json', 436, 420 ]
275 silly gunzTarPerm extractEntry tools/README.md
276 silly gunzTarPerm modified mode [ 'tools/README.md', 436, 420 ]
277 silly gunzTarPerm extractEntry tools/1to2.js
278 silly gunzTarPerm modified mode [ 'tools/1to2.js', 509, 493 ]
279 silly gentlyRm /Users/jkimionis/Software/SpaceMonitor_GreenDinosaur/node_modules/.staging/nan-75b862b0/node_modules is being purged
280 verbose gentlyRm don't care about contents; nuking /Users/jkimionis/Software/SpaceMonitor_GreenDinosaur/node_modules/.staging/nan-75b862b0/node_modules
281 silly doParallel preinstall 2
282 silly preinstall nan@2.4.0 /Users/jkimionis/Software/SpaceMonitor_GreenDinosaur/node_modules/.staging/nan-75b862b0
283 info lifecycle nan@2.4.0~preinstall: nan@2.4.0
284 silly preinstall node-dht-sensor@0.0.24 /Users/jkimionis/Software/SpaceMonitor_GreenDinosaur/node_modules/.staging/node-dht-sensor-f110789c
285 info lifecycle node-dht-sensor@0.0.24~preinstall: node-dht-sensor@0.0.24
286 silly lifecycle nan@2.4.0~preinstall: no script for preinstall, continuing
287 verbose lifecycle node-dht-sensor@0.0.24~preinstall: unsafe-perm in lifecycle true
288 verbose lifecycle node-dht-sensor@0.0.24~preinstall: PATH: /usr/local/lib/node_modules/npm/bin/node-gyp-bin:/Users/jkimionis/Software/SpaceMonitor_GreenDinosaur/node_modules/.staging/node-dht-sensor-f110789c/node_modules/.bin:/Users/jkimionis/Software/SpaceMonitor_GreenDinosaur/node_modules/.bin:/usr/local/bin:/usr/local/bin:/usr/bin:/bin:/usr/sbin:/sbin:/opt/X11/bin:/Library/TeX/texbin
289 verbose lifecycle node-dht-sensor@0.0.24~preinstall: CWD: /Users/jkimionis/Software/SpaceMonitor_GreenDinosaur/node_modules/.staging/node-dht-sensor-f110789c
290 silly lifecycle node-dht-sensor@0.0.24~preinstall: Args: [ '-c', './check-lib.sh' ]
291 silly lifecycle node-dht-sensor@0.0.24~preinstall: Returned: code: 0  signal: null
292 silly doReverseSerial remove 0
293 silly doSerial move 0
294 silly doSerial finalize 2
295 silly finalize /Users/jkimionis/Software/SpaceMonitor_GreenDinosaur/node_modules/node-dht-sensor/node_modules/nan
296 silly finalize /Users/jkimionis/Software/SpaceMonitor_GreenDinosaur/node_modules/node-dht-sensor
297 silly doSerial build 2
298 silly build nan@2.4.0
299 info linkStuff nan@2.4.0
300 silly linkStuff nan@2.4.0 has /Users/jkimionis/Software/SpaceMonitor_GreenDinosaur/node_modules/node-dht-sensor/node_modules as its parent node_modules
301 verbose linkBins nan@2.4.0
302 verbose linkMans nan@2.4.0
303 silly build node-dht-sensor@0.0.24
304 info linkStuff node-dht-sensor@0.0.24
305 silly linkStuff node-dht-sensor@0.0.24 has /Users/jkimionis/Software/SpaceMonitor_GreenDinosaur/node_modules as its parent node_modules
306 verbose linkBins node-dht-sensor@0.0.24
307 verbose linkMans node-dht-sensor@0.0.24
308 silly doSerial global-link 0
309 silly doParallel update-linked 0
310 silly doSerial install 2
311 silly install nan@2.4.0 /Users/jkimionis/Software/SpaceMonitor_GreenDinosaur/node_modules/.staging/nan-75b862b0
312 info lifecycle nan@2.4.0~install: nan@2.4.0
313 silly lifecycle nan@2.4.0~install: no script for install, continuing
314 silly install node-dht-sensor@0.0.24 /Users/jkimionis/Software/SpaceMonitor_GreenDinosaur/node_modules/.staging/node-dht-sensor-f110789c
315 info lifecycle node-dht-sensor@0.0.24~install: node-dht-sensor@0.0.24
316 silly lifecycle node-dht-sensor@0.0.24~install: no script for install, continuing
317 silly doSerial postinstall 2
318 silly postinstall nan@2.4.0 /Users/jkimionis/Software/SpaceMonitor_GreenDinosaur/node_modules/.staging/nan-75b862b0
319 info lifecycle nan@2.4.0~postinstall: nan@2.4.0
320 silly lifecycle nan@2.4.0~postinstall: no script for postinstall, continuing
321 silly postinstall node-dht-sensor@0.0.24 /Users/jkimionis/Software/SpaceMonitor_GreenDinosaur/node_modules/.staging/node-dht-sensor-f110789c
322 info lifecycle node-dht-sensor@0.0.24~postinstall: node-dht-sensor@0.0.24
323 verbose lifecycle node-dht-sensor@0.0.24~postinstall: unsafe-perm in lifecycle true
324 verbose lifecycle node-dht-sensor@0.0.24~postinstall: PATH: /usr/local/lib/node_modules/npm/bin/node-gyp-bin:/Users/jkimionis/Software/SpaceMonitor_GreenDinosaur/node_modules/node-dht-sensor/node_modules/.bin:/Users/jkimionis/Software/SpaceMonitor_GreenDinosaur/node_modules/.bin:/usr/local/bin:/usr/local/bin:/usr/bin:/bin:/usr/sbin:/sbin:/opt/X11/bin:/Library/TeX/texbin
325 verbose lifecycle node-dht-sensor@0.0.24~postinstall: CWD: /Users/jkimionis/Software/SpaceMonitor_GreenDinosaur/node_modules/node-dht-sensor
326 silly lifecycle node-dht-sensor@0.0.24~postinstall: Args: [ '-c', 'node-gyp rebuild' ]
327 silly lifecycle node-dht-sensor@0.0.24~postinstall: Returned: code: 1  signal: null
328 info lifecycle node-dht-sensor@0.0.24~postinstall: Failed to exec postinstall script
329 verbose unlock done using /Users/jkimionis/.npm/_locks/staging-91303f90b33c81ec.lock for /Users/jkimionis/Software/SpaceMonitor_GreenDinosaur/node_modules/.staging
330 silly rollbackFailedOptional Starting
331 silly rollbackFailedOptional Finishing
332 silly runTopLevelLifecycles Starting
333 silly runTopLevelLifecycles Finishing
334 silly install printInstalled
335 warn enoent ENOENT: no such file or directory, open '/Users/jkimionis/Software/SpaceMonitor_GreenDinosaur/package.json'
336 warn SpaceMonitor_GreenDinosaur No description
337 warn SpaceMonitor_GreenDinosaur No repository field.
338 warn SpaceMonitor_GreenDinosaur No README data
339 warn SpaceMonitor_GreenDinosaur No license field.
340 verbose stack Error: node-dht-sensor@0.0.24 postinstall: `node-gyp rebuild`
340 verbose stack Exit status 1
340 verbose stack     at EventEmitter.<anonymous> (/usr/local/lib/node_modules/npm/lib/utils/lifecycle.js:242:16)
340 verbose stack     at emitTwo (events.js:106:13)
340 verbose stack     at EventEmitter.emit (events.js:191:7)
340 verbose stack     at ChildProcess.<anonymous> (/usr/local/lib/node_modules/npm/lib/utils/spawn.js:40:14)
340 verbose stack     at emitTwo (events.js:106:13)
340 verbose stack     at ChildProcess.emit (events.js:191:7)
340 verbose stack     at maybeClose (internal/child_process.js:877:16)
340 verbose stack     at Process.ChildProcess._handle.onexit (internal/child_process.js:226:5)
341 verbose pkgid node-dht-sensor@0.0.24
342 verbose cwd /Users/jkimionis/Software/SpaceMonitor_GreenDinosaur/Space_Monitor
343 error Darwin 15.6.0
344 error argv "/usr/local/bin/node" "/usr/local/bin/npm" "install" "--save" "node-dht-sensor"
345 error node v6.5.0
346 error npm  v3.10.3
347 error code ELIFECYCLE
348 error node-dht-sensor@0.0.24 postinstall: `node-gyp rebuild`
348 error Exit status 1
349 error Failed at the node-dht-sensor@0.0.24 postinstall script 'node-gyp rebuild'.
349 error Make sure you have the latest version of node.js and npm installed.
349 error If you do, this is most likely a problem with the node-dht-sensor package,
349 error not with npm itself.
349 error Tell the author that this fails on your system:
349 error     node-gyp rebuild
349 error You can get information on how to open an issue for this project with:
349 error     npm bugs node-dht-sensor
349 error Or if that isn't available, you can get their info via:
349 error     npm owner ls node-dht-sensor
349 error There is likely additional logging output above.
350 verbose exit [ 1, true ]
